<?xml version="1.0" encoding="UTF-8"?>
<testsuite xmlns:xsi="http://www.w3.org/2001/XMLSchema-instance" xsi:noNamespaceSchemaLocation="https://maven.apache.org/surefire/maven-surefire-plugin/xsd/surefire-test-report-3.0.xsd" version="3.0" name="org.example.GPACalculatorTest" time="0.01" tests="12" errors="0" skipped="0" failures="0">
  <properties>
    <property name="java.specification.version" value="23"/>
    <property name="sun.jnu.encoding" value="UTF-8"/>
    <property name="java.class.path" value="/Users/hilalyurtoglu/Downloads/GPACalculator-master/target/test-classes:/Users/hilalyurtoglu/Downloads/GPACalculator-master/target/classes:/Users/hilalyurtoglu/.m2/repository/org/junit/jupiter/junit-jupiter-api/5.10.2/junit-jupiter-api-5.10.2.jar:/Users/hilalyurtoglu/.m2/repository/org/opentest4j/opentest4j/1.3.0/opentest4j-1.3.0.jar:/Users/hilalyurtoglu/.m2/repository/org/junit/platform/junit-platform-commons/1.10.2/junit-platform-commons-1.10.2.jar:/Users/hilalyurtoglu/.m2/repository/org/apiguardian/apiguardian-api/1.1.2/apiguardian-api-1.1.2.jar:/Users/hilalyurtoglu/.m2/repository/org/junit/jupiter/junit-jupiter-engine/5.10.2/junit-jupiter-engine-5.10.2.jar:/Users/hilalyurtoglu/.m2/repository/org/junit/platform/junit-platform-engine/1.10.2/junit-platform-engine-1.10.2.jar:/Users/hilalyurtoglu/.m2/repository/org/mockito/mockito-core/5.2.0/mockito-core-5.2.0.jar:/Users/hilalyurtoglu/.m2/repository/net/bytebuddy/byte-buddy/1.14.1/byte-buddy-1.14.1.jar:/Users/hilalyurtoglu/.m2/repository/net/bytebuddy/byte-buddy-agent/1.14.1/byte-buddy-agent-1.14.1.jar:/Users/hilalyurtoglu/.m2/repository/org/objenesis/objenesis/3.3/objenesis-3.3.jar:/Users/hilalyurtoglu/.m2/repository/org/mockito/mockito-junit-jupiter/5.2.0/mockito-junit-jupiter-5.2.0.jar:/Users/hilalyurtoglu/.m2/repository/org/pitest/pitest-junit5-plugin/1.1.0/pitest-junit5-plugin-1.1.0.jar:"/>
    <property name="java.vm.vendor" value="Homebrew"/>
    <property name="sun.arch.data.model" value="64"/>
    <property name="java.vendor.url" value="https://github.com/Homebrew/homebrew-core/issues"/>
    <property name="os.name" value="Mac OS X"/>
    <property name="java.vm.specification.version" value="23"/>
    <property name="sun.java.launcher" value="SUN_STANDARD"/>
    <property name="user.country" value="TR"/>
    <property name="sun.boot.library.path" value="/opt/homebrew/Cellar/openjdk/23.0.2/libexec/openjdk.jdk/Contents/Home/lib"/>
    <property name="sun.java.command" value="/Users/hilalyurtoglu/Downloads/GPACalculator-master/target/surefire/surefirebooter-20250331153141796_3.jar /Users/hilalyurtoglu/Downloads/GPACalculator-master/target/surefire 2025-03-31T15-31-41_768-jvmRun1 surefire-20250331153141796_1tmp surefire_0-20250331153141796_2tmp"/>
    <property name="jdk.debug" value="release"/>
    <property name="surefire.test.class.path" value="/Users/hilalyurtoglu/Downloads/GPACalculator-master/target/test-classes:/Users/hilalyurtoglu/Downloads/GPACalculator-master/target/classes:/Users/hilalyurtoglu/.m2/repository/org/junit/jupiter/junit-jupiter-api/5.10.2/junit-jupiter-api-5.10.2.jar:/Users/hilalyurtoglu/.m2/repository/org/opentest4j/opentest4j/1.3.0/opentest4j-1.3.0.jar:/Users/hilalyurtoglu/.m2/repository/org/junit/platform/junit-platform-commons/1.10.2/junit-platform-commons-1.10.2.jar:/Users/hilalyurtoglu/.m2/repository/org/apiguardian/apiguardian-api/1.1.2/apiguardian-api-1.1.2.jar:/Users/hilalyurtoglu/.m2/repository/org/junit/jupiter/junit-jupiter-engine/5.10.2/junit-jupiter-engine-5.10.2.jar:/Users/hilalyurtoglu/.m2/repository/org/junit/platform/junit-platform-engine/1.10.2/junit-platform-engine-1.10.2.jar:/Users/hilalyurtoglu/.m2/repository/org/mockito/mockito-core/5.2.0/mockito-core-5.2.0.jar:/Users/hilalyurtoglu/.m2/repository/net/bytebuddy/byte-buddy/1.14.1/byte-buddy-1.14.1.jar:/Users/hilalyurtoglu/.m2/repository/net/bytebuddy/byte-buddy-agent/1.14.1/byte-buddy-agent-1.14.1.jar:/Users/hilalyurtoglu/.m2/repository/org/objenesis/objenesis/3.3/objenesis-3.3.jar:/Users/hilalyurtoglu/.m2/repository/org/mockito/mockito-junit-jupiter/5.2.0/mockito-junit-jupiter-5.2.0.jar:/Users/hilalyurtoglu/.m2/repository/org/pitest/pitest-junit5-plugin/1.1.0/pitest-junit5-plugin-1.1.0.jar:"/>
    <property name="sun.cpu.endian" value="little"/>
    <property name="user.home" value="/Users/hilalyurtoglu"/>
    <property name="user.language" value="tr"/>
    <property name="java.specification.vendor" value="Oracle Corporation"/>
    <property name="java.version.date" value="2025-01-21"/>
    <property name="java.home" value="/opt/homebrew/Cellar/openjdk/23.0.2/libexec/openjdk.jdk/Contents/Home"/>
    <property name="file.separator" value="/"/>
    <property name="basedir" value="/Users/hilalyurtoglu/Downloads/GPACalculator-master"/>
    <property name="java.vm.compressedOopsMode" value="Zero based"/>
    <property name="line.separator" value="&#10;"/>
    <property name="java.specification.name" value="Java Platform API Specification"/>
    <property name="java.vm.specification.vendor" value="Oracle Corporation"/>
    <property name="apple.awt.application.name" value="ForkedBooter"/>
    <property name="surefire.real.class.path" value="/Users/hilalyurtoglu/Downloads/GPACalculator-master/target/surefire/surefirebooter-20250331153141796_3.jar"/>
    <property name="sun.management.compiler" value="HotSpot 64-Bit Tiered Compilers"/>
    <property name="java.runtime.version" value="23.0.2"/>
    <property name="user.name" value="hilalyurtoglu"/>
    <property name="stdout.encoding" value="UTF-8"/>
    <property name="path.separator" value=":"/>
    <property name="os.version" value="14.5"/>
    <property name="java.runtime.name" value="OpenJDK Runtime Environment"/>
    <property name="file.encoding" value="UTF-8"/>
    <property name="java.vm.name" value="OpenJDK 64-Bit Server VM"/>
    <property name="java.vendor.version" value="Homebrew"/>
    <property name="localRepository" value="/Users/hilalyurtoglu/.m2/repository"/>
    <property name="java.vendor.url.bug" value="https://github.com/Homebrew/homebrew-core/issues"/>
    <property name="java.io.tmpdir" value="/var/folders/sy/k0t211p56vqgsvfql3_mccph0000gn/T/"/>
    <property name="java.version" value="23.0.2"/>
    <property name="user.dir" value="/Users/hilalyurtoglu/Downloads/GPACalculator-master"/>
    <property name="os.arch" value="aarch64"/>
    <property name="java.vm.specification.name" value="Java Virtual Machine Specification"/>
    <property name="native.encoding" value="UTF-8"/>
    <property name="java.library.path" value="/Users/hilalyurtoglu/Library/Java/Extensions:/Library/Java/Extensions:/Network/Library/Java/Extensions:/System/Library/Java/Extensions:/usr/lib/java:."/>
    <property name="java.vm.info" value="mixed mode, sharing"/>
    <property name="stderr.encoding" value="UTF-8"/>
    <property name="java.vendor" value="Homebrew"/>
    <property name="java.vm.version" value="23.0.2"/>
    <property name="sun.io.unicode.encoding" value="UnicodeBig"/>
    <property name="java.class.version" value="67.0"/>
  </properties>
  <testcase name="testGPAWithSingleAPlus" classname="org.example.GPACalculatorTest" time="0.001">
    <system-out><![CDATA[GPA is high.
]]></system-out>
  </testcase>
  <testcase name="testHighGPAPath" classname="org.example.GPACalculatorTest" time="0.001">
    <system-out><![CDATA[GPA is high.
]]></system-out>
  </testcase>
  <testcase name="testGPAExactCalculation" classname="org.example.GPACalculatorTest" time="0.0">
    <system-out><![CDATA[GPA is high.
]]></system-out>
  </testcase>
  <testcase name="testLowGPAPath" classname="org.example.GPACalculatorTest" time="0.001">
    <system-out><![CDATA[GPA is low.
]]></system-out>
  </testcase>
  <testcase name="testInvalidCreditPath" classname="org.example.GPACalculatorTest" time="0.0"/>
  <testcase name="testNeutralGPAPath" classname="org.example.GPACalculatorTest" time="0.0"/>
  <testcase name="testOnlyLowGPAPath" classname="org.example.GPACalculatorTest" time="0.001">
    <system-out><![CDATA[GPA is low.
]]></system-out>
  </testcase>
  <testcase name="testInvalidGradePath" classname="org.example.GPACalculatorTest" time="0.001"/>
  <testcase name="testBothHighAndLowPath" classname="org.example.GPACalculatorTest" time="0.001">
    <system-out><![CDATA[GPA is high.
]]></system-out>
  </testcase>
  <testcase name="testGPAZeroAllFailed" classname="org.example.GPACalculatorTest" time="0.0">
    <system-out><![CDATA[GPA is low.
]]></system-out>
  </testcase>
  <testcase name="testWeightedGPA" classname="org.example.GPACalculatorTest" time="0.0">
    <system-out><![CDATA[GPA is high.
]]></system-out>
  </testcase>
  <testcase name="testOnlyHighGPAPath" classname="org.example.GPACalculatorTest" time="0.0">
    <system-out><![CDATA[GPA is high.
]]></system-out>
  </testcase>
</testsuite>